SUCESSO AO CARREGAR ARQUIVO: known_50_faces_test/Aaron_Eckhart/Aaron_Eckhart_0001.jpg.enc
SUCESSO AO CARREGAR ARQUIVO: known_50_faces_test/Aaron_Guiel/Aaron_Guiel_0001.jpg.enc
SUCESSO AO CARREGAR ARQUIVO: known_50_faces_test/Aaron_Patterson/Aaron_Patterson_0001.jpg.enc
SUCESSO AO CARREGAR ARQUIVO: known_50_faces_test/Aaron_Peirsol/Aaron_Peirsol_0001.jpg.enc
SUCESSO AO CARREGAR ARQUIVO: known_50_faces_test/Aaron_Peirsol/Aaron_Peirsol_0002.jpg.enc
SUCESSO AO CARREGAR ARQUIVO: known_50_faces_test/Aaron_Peirsol/Aaron_Peirsol_0003.jpg.enc
SUCESSO AO CARREGAR ARQUIVO: known_50_faces_test/Aaron_Pena/Aaron_Pena_0001.jpg.enc
SUCESSO AO CARREGAR ARQUIVO: known_50_faces_test/Aaron_Sorkin/Aaron_Sorkin_0001.jpg.enc
SUCESSO AO CARREGAR ARQUIVO: known_50_faces_test/Aaron_Sorkin/Aaron_Sorkin_0002.jpg.enc
SUCESSO AO CARREGAR ARQUIVO: known_50_faces_test/Aaron_Tippin/Aaron_Tippin_0001.jpg.enc
SUCESSO AO CARREGAR ARQUIVO: known_50_faces_test/Abbas_Kiarostami/Abbas_Kiarostami_0001.jpg.enc
SUCESSO AO CARREGAR ARQUIVO: known_50_faces_test/Abba_Eban/Abba_Eban_0001.jpg.enc
SUCESSO AO CARREGAR ARQUIVO: known_50_faces_test/Abdel_Aziz_Al-Hakim/Abdel_Aziz_Al-Hakim_0001.jpg.enc
SUCESSO AO CARREGAR ARQUIVO: known_50_faces_test/Abdel_Madi_Shabneh/Abdel_Madi_Shabneh_0001.jpg.enc
SUCESSO AO CARREGAR ARQUIVO: known_50_faces_test/Abdel_Nasser_Assidi/Abdel_Nasser_Assidi_0001.jpg.enc
SUCESSO AO CARREGAR ARQUIVO: known_50_faces_test/Abdel_Nasser_Assidi/Abdel_Nasser_Assidi_0002.jpg.enc
SUCESSO AO CARREGAR ARQUIVO: known_50_faces_test/Abdoulaye_Wade/Abdoulaye_Wade_0001.jpg.enc
SUCESSO AO CARREGAR ARQUIVO: known_50_faces_test/Abdoulaye_Wade/Abdoulaye_Wade_0002.jpg.enc
SUCESSO AO CARREGAR ARQUIVO: known_50_faces_test/Abdoulaye_Wade/Abdoulaye_Wade_0004.jpg.enc
SUCESSO AO CARREGAR ARQUIVO: known_50_faces_test/Abdulaziz_Kamilov/Abdulaziz_Kamilov_0001.jpg.enc
SUCESSO AO CARREGAR ARQUIVO: known_50_faces_test/Abdullah/Abdullah_0001.jpg.enc
SUCESSO AO CARREGAR ARQUIVO: known_50_faces_test/Abdullah/Abdullah_0002.jpg.enc
SUCESSO AO CARREGAR ARQUIVO: known_50_faces_test/Abdullah/Abdullah_0003.jpg.enc
SUCESSO AO CARREGAR ARQUIVO: known_50_faces_test/Abdullah/Abdullah_0004.jpg.enc
SUCESSO AO CARREGAR ARQUIVO: known_50_faces_test/Abdullah_Ahmad_Badawi/Abdullah_Ahmad_Badawi_0001.jpg.enc
SUCESSO AO CARREGAR ARQUIVO: known_50_faces_test/Abdullah_al-Attiyah/Abdullah_al-Attiyah_0001.jpg.enc
SUCESSO AO CARREGAR ARQUIVO: known_50_faces_test/Abdullah_al-Attiyah/Abdullah_al-Attiyah_0002.jpg.enc
SUCESSO AO CARREGAR ARQUIVO: known_50_faces_test/Abdullah_al-Attiyah/Abdullah_al-Attiyah_0003.jpg.enc
SUCESSO AO CARREGAR ARQUIVO: known_50_faces_test/Abdullah_Gul/Abdullah_Gul_0001.jpg.enc
SUCESSO AO CARREGAR ARQUIVO: known_50_faces_test/Abdullah_Gul/Abdullah_Gul_0002.jpg.enc
SUCESSO AO CARREGAR ARQUIVO: known_50_faces_test/Abdullah_Gul/Abdullah_Gul_0003.jpg.enc
SUCESSO AO CARREGAR ARQUIVO: known_50_faces_test/Abdullah_Gul/Abdullah_Gul_0004.jpg.enc
SUCESSO AO CARREGAR ARQUIVO: known_50_faces_test/Abdullah_Gul/Abdullah_Gul_0005.jpg.enc
SUCESSO AO CARREGAR ARQUIVO: known_50_faces_test/Abdullah_Gul/Abdullah_Gul_0006.jpg.enc
SUCESSO AO CARREGAR ARQUIVO: known_50_faces_test/Abdullah_Gul/Abdullah_Gul_0007.jpg.enc
SUCESSO AO CARREGAR ARQUIVO: known_50_faces_test/Abdullah_Gul/Abdullah_Gul_0008.jpg.enc
SUCESSO AO CARREGAR ARQUIVO: known_50_faces_test/Abdullah_Gul/Abdullah_Gul_0009.jpg.enc
SUCESSO AO CARREGAR ARQUIVO: known_50_faces_test/Abdullah_Gul/Abdullah_Gul_0010.jpg.enc
SUCESSO AO CARREGAR ARQUIVO: known_50_faces_test/Abdullah_Gul/Abdullah_Gul_0011.jpg.enc
SUCESSO AO CARREGAR ARQUIVO: known_50_faces_test/Abdullah_Gul/Abdullah_Gul_0012.jpg.enc
SUCESSO AO CARREGAR ARQUIVO: known_50_faces_test/Abdullah_Gul/Abdullah_Gul_0013.jpg.enc
SUCESSO AO CARREGAR ARQUIVO: known_50_faces_test/Abdullah_Gul/Abdullah_Gul_0014.jpg.enc
SUCESSO AO CARREGAR ARQUIVO: known_50_faces_test/Abdullah_Gul/Abdullah_Gul_0015.jpg.enc
SUCESSO AO CARREGAR ARQUIVO: known_50_faces_test/Abdullah_Gul/Abdullah_Gul_0016.jpg.enc
SUCESSO AO CARREGAR ARQUIVO: known_50_faces_test/Abdullah_Gul/Abdullah_Gul_0017.jpg.enc
SUCESSO AO CARREGAR ARQUIVO: known_50_faces_test/Abdullah_Gul/Abdullah_Gul_0018.jpg.enc
SUCESSO AO CARREGAR ARQUIVO: known_50_faces_test/Abdullah_Gul/Abdullah_Gul_0019.jpg.enc
SUCESSO AO CARREGAR ARQUIVO: known_50_faces_test/Abdullah_Nasseef/Abdullah_Nasseef_0001.jpg.enc
SUCESSO AO CARREGAR ARQUIVO: known_50_faces_test/Abdullatif_Sener/Abdullatif_Sener_0001.jpg.enc
SUCESSO AO CARREGAR ARQUIVO: known_50_faces_test/Abdullatif_Sener/Abdullatif_Sener_0002.jpg.enc
SUCESSO AO CARREGAR ARQUIVO: known_50_faces_test/Abdul_Majeed_Shobokshi/Abdul_Majeed_Shobokshi_0001.jpg.enc
SUCESSO AO CARREGAR ARQUIVO: known_50_faces_test/Abdul_Rahman/Abdul_Rahman_0001.jpg.enc
SUCESSO AO CARREGAR ARQUIVO: known_50_faces_test/Abel_Aguilar/Abel_Aguilar_0001.jpg.enc
SUCESSO AO CARREGAR ARQUIVO: known_50_faces_test/Abel_Pacheco/Abel_Pacheco_0001.jpg.enc
SUCESSO AO CARREGAR ARQUIVO: known_50_faces_test/Abel_Pacheco/Abel_Pacheco_0002.jpg.enc
SUCESSO AO CARREGAR ARQUIVO: known_50_faces_test/Abel_Pacheco/Abel_Pacheco_0003.jpg.enc
SUCESSO AO CARREGAR ARQUIVO: known_50_faces_test/Abel_Pacheco/Abel_Pacheco_0004.jpg.enc
SUCESSO AO CARREGAR ARQUIVO: known_50_faces_test/Abid_Hamid_Mahmud_Al-Tikriti/Abid_Hamid_Mahmud_Al-Tikriti_0001.jpg.enc
SUCESSO AO CARREGAR ARQUIVO: known_50_faces_test/Abid_Hamid_Mahmud_Al-Tikriti/Abid_Hamid_Mahmud_Al-Tikriti_0002.jpg.enc
SUCESSO AO CARREGAR ARQUIVO: known_50_faces_test/Abid_Hamid_Mahmud_Al-Tikriti/Abid_Hamid_Mahmud_Al-Tikriti_0003.jpg.enc
SUCESSO AO CARREGAR ARQUIVO: known_50_faces_test/Abner_Martinez/Abner_Martinez_0001.jpg.enc
SUCESSO AO CARREGAR ARQUIVO: known_50_faces_test/Abraham_Foxman/Abraham_Foxman_0001.jpg.enc
SUCESSO AO CARREGAR ARQUIVO: known_50_faces_test/Aby_Har-Even/Aby_Har-Even_0001.jpg.enc
SUCESSO AO CARREGAR ARQUIVO: known_50_faces_test/Adam_Ant/Adam_Ant_0001.jpg.enc
SUCESSO AO CARREGAR ARQUIVO: known_50_faces_test/Adam_Freier/Adam_Freier_0001.jpg.enc
SUCESSO AO CARREGAR ARQUIVO: known_50_faces_test/Adam_Herbert/Adam_Herbert_0001.jpg.enc
SUCESSO AO CARREGAR ARQUIVO: known_50_faces_test/Adam_Kennedy/Adam_Kennedy_0001.jpg.enc
SUCESSO AO CARREGAR ARQUIVO: known_50_faces_test/Adam_Mair/Adam_Mair_0001.jpg.enc
SUCESSO AO CARREGAR ARQUIVO: known_50_faces_test/Adam_Rich/Adam_Rich_0001.jpg.enc
SUCESSO AO CARREGAR ARQUIVO: known_50_faces_test/Adam_Sandler/Adam_Sandler_0001.jpg.enc
SUCESSO AO CARREGAR ARQUIVO: known_50_faces_test/Adam_Sandler/Adam_Sandler_0002.jpg.enc
SUCESSO AO CARREGAR ARQUIVO: known_50_faces_test/Adam_Sandler/Adam_Sandler_0003.jpg.enc
SUCESSO AO CARREGAR ARQUIVO: known_50_faces_test/Adam_Sandler/Adam_Sandler_0004.jpg.enc
SUCESSO AO CARREGAR ARQUIVO: known_50_faces_test/Adam_Scott/Adam_Scott_0001.jpg.enc
SUCESSO AO CARREGAR ARQUIVO: known_50_faces_test/Adam_Scott/Adam_Scott_0002.jpg.enc
SUCESSO AO CARREGAR ARQUIVO: known_50_faces_test/Adelina_Avila/Adelina_Avila_0001.jpg.enc
SUCESSO AO CARREGAR ARQUIVO: known_50_faces_test/Adel_Al-Jubeir/Adel_Al-Jubeir_0001.jpg.enc
SUCESSO AO CARREGAR ARQUIVO: known_50_faces_test/Adel_Al-Jubeir/Adel_Al-Jubeir_0002.jpg.enc
SUCESSO AO CARREGAR ARQUIVO: known_50_faces_test/Adel_Al-Jubeir/Adel_Al-Jubeir_0003.jpg.enc
SUCESSO AO CARREGAR ARQUIVO: known_50_faces_test/Adisai_Bodharamik/Adisai_Bodharamik_0001.jpg.enc
SUCESSO AO CARREGAR ARQUIVO: known_50_faces_test/Adolfo_Aguilar_Zinser/Adolfo_Aguilar_Zinser_0001.jpg.enc
SUCESSO AO CARREGAR ARQUIVO: known_50_faces_test/Adolfo_Aguilar_Zinser/Adolfo_Aguilar_Zinser_0002.jpg.enc
SUCESSO AO CARREGAR ARQUIVO: known_50_faces_test/Adolfo_Aguilar_Zinser/Adolfo_Aguilar_Zinser_0003.jpg.enc
SUCESSO AO CARREGAR ARQUIVO: known_50_faces_test/Adolfo_Rodriguez_Saa/Adolfo_Rodriguez_Saa_0001.jpg.enc
SUCESSO AO CARREGAR ARQUIVO: known_50_faces_test/Adolfo_Rodriguez_Saa/Adolfo_Rodriguez_Saa_0002.jpg.enc
SUCESSO AO CARREGAR ARQUIVO: known_50_faces_test/Adoor_Gopalakarishnan/Adoor_Gopalakarishnan_0001.jpg.enc
SUCESSO AO CARREGAR ARQUIVO: known_50_faces_test/Adriana_Lima/Adriana_Lima_0001.jpg.enc
SUCESSO AO CARREGAR ARQUIVO: known_50_faces_test/Adriana_Perez_Navarro/Adriana_Perez_Navarro_0001.jpg.enc
SUCESSO AO CARREGAR ARQUIVO: known_50_faces_test/Adrian_Annus/Adrian_Annus_0001.jpg.enc
SUCESSO AO CARREGAR ARQUIVO: known_50_faces_test/Adrian_Fernandez/Adrian_Fernandez_0001.jpg.enc
SUCESSO AO CARREGAR ARQUIVO: known_50_faces_test/Adrian_McPherson/Adrian_McPherson_0001.jpg.enc
SUCESSO AO CARREGAR ARQUIVO: known_50_faces_test/Adrian_McPherson/Adrian_McPherson_0002.jpg.enc
SUCESSO AO CARREGAR ARQUIVO: known_50_faces_test/Adrian_Murrell/Adrian_Murrell_0001.jpg.enc
SUCESSO AO CARREGAR ARQUIVO: known_50_faces_test/Adrian_Nastase/Adrian_Nastase_0001.jpg.enc
SUCESSO AO CARREGAR ARQUIVO: known_50_faces_test/Adrian_Nastase/Adrian_Nastase_0002.jpg.enc
SUCESSO AO CARREGAR ARQUIVO: known_50_faces_test/Esquilo/foto_0.jpg.enc
SUCESSO AO CARREGAR ARQUIVO: known_50_faces_test/Esquilo/foto_1.jpg.enc
SUCESSO AO CARREGAR ARQUIVO: known_50_faces_test/Esquilo/foto_10.jpg.enc
SUCESSO AO CARREGAR ARQUIVO: known_50_faces_test/Esquilo/foto_11.jpg.enc
SUCESSO AO CARREGAR ARQUIVO: known_50_faces_test/Esquilo/foto_12.jpg.enc
SUCESSO AO CARREGAR ARQUIVO: known_50_faces_test/Esquilo/foto_13.jpg.enc
SUCESSO AO CARREGAR ARQUIVO: known_50_faces_test/Esquilo/foto_14.jpg.enc
SUCESSO AO CARREGAR ARQUIVO: known_50_faces_test/Esquilo/foto_15.jpg.enc
SUCESSO AO CARREGAR ARQUIVO: known_50_faces_test/Esquilo/foto_16.jpg.enc
SUCESSO AO CARREGAR ARQUIVO: known_50_faces_test/Esquilo/foto_17.jpg.enc
SUCESSO AO CARREGAR ARQUIVO: known_50_faces_test/Esquilo/foto_18.jpg.enc
SUCESSO AO CARREGAR ARQUIVO: known_50_faces_test/Esquilo/foto_19.jpg.enc
SUCESSO AO CARREGAR ARQUIVO: known_50_faces_test/Esquilo/foto_2.jpg.enc
SUCESSO AO CARREGAR ARQUIVO: known_50_faces_test/Esquilo/foto_20.jpg.enc
SUCESSO AO CARREGAR ARQUIVO: known_50_faces_test/Esquilo/foto_21.jpg.enc
SUCESSO AO CARREGAR ARQUIVO: known_50_faces_test/Esquilo/foto_22.jpg.enc
SUCESSO AO CARREGAR ARQUIVO: known_50_faces_test/Esquilo/foto_23.jpg.enc
SUCESSO AO CARREGAR ARQUIVO: known_50_faces_test/Esquilo/foto_24.jpg.enc
SUCESSO AO CARREGAR ARQUIVO: known_50_faces_test/Esquilo/foto_25.jpg.enc
SUCESSO AO CARREGAR ARQUIVO: known_50_faces_test/Esquilo/foto_26.jpg.enc
SUCESSO AO CARREGAR ARQUIVO: known_50_faces_test/Esquilo/foto_27.jpg.enc
SUCESSO AO CARREGAR ARQUIVO: known_50_faces_test/Esquilo/foto_28.jpg.enc
SUCESSO AO CARREGAR ARQUIVO: known_50_faces_test/Esquilo/foto_29.jpg.enc
SUCESSO AO CARREGAR ARQUIVO: known_50_faces_test/Esquilo/foto_3.jpg.enc
SUCESSO AO CARREGAR ARQUIVO: known_50_faces_test/Esquilo/foto_30.jpg.enc
SUCESSO AO CARREGAR ARQUIVO: known_50_faces_test/Esquilo/foto_31.jpg.enc
SUCESSO AO CARREGAR ARQUIVO: known_50_faces_test/Esquilo/foto_32.jpg.enc
SUCESSO AO CARREGAR ARQUIVO: known_50_faces_test/Esquilo/foto_33.jpg.enc
SUCESSO AO CARREGAR ARQUIVO: known_50_faces_test/Esquilo/foto_34.jpg.enc
SUCESSO AO CARREGAR ARQUIVO: known_50_faces_test/Esquilo/foto_35.jpg.enc
SUCESSO AO CARREGAR ARQUIVO: known_50_faces_test/Esquilo/foto_36.jpg.enc
SUCESSO AO CARREGAR ARQUIVO: known_50_faces_test/Esquilo/foto_37.jpg.enc
SUCESSO AO CARREGAR ARQUIVO: known_50_faces_test/Esquilo/foto_38.jpg.enc
SUCESSO AO CARREGAR ARQUIVO: known_50_faces_test/Esquilo/foto_4.jpg.enc
SUCESSO AO CARREGAR ARQUIVO: known_50_faces_test/Esquilo/foto_5.jpg.enc
SUCESSO AO CARREGAR ARQUIVO: known_50_faces_test/Esquilo/foto_7.jpg.enc
SUCESSO AO CARREGAR ARQUIVO: known_50_faces_test/Esquilo/foto_8.jpg.enc
SUCESSO AO CARREGAR ARQUIVO: known_50_faces_test/Esquilo/foto_9.jpg.enc
SUCESSO AO CARREGAR ARQUIVO: known_50_faces_test/fellipe/foto_0.jpg.enc
SUCESSO AO CARREGAR ARQUIVO: known_50_faces_test/fellipe/foto_1.jpg.enc
SUCESSO AO CARREGAR ARQUIVO: known_50_faces_test/fellipe/foto_10.jpg.enc
SUCESSO AO CARREGAR ARQUIVO: known_50_faces_test/fellipe/foto_11.jpg.enc
SUCESSO AO CARREGAR ARQUIVO: known_50_faces_test/fellipe/foto_12.jpg.enc
SUCESSO AO CARREGAR ARQUIVO: known_50_faces_test/fellipe/foto_13.jpg.enc
SUCESSO AO CARREGAR ARQUIVO: known_50_faces_test/fellipe/foto_14.jpg.enc
SUCESSO AO CARREGAR ARQUIVO: known_50_faces_test/fellipe/foto_15.jpg.enc
SUCESSO AO CARREGAR ARQUIVO: known_50_faces_test/fellipe/foto_2.jpg.enc
SUCESSO AO CARREGAR ARQUIVO: known_50_faces_test/fellipe/foto_3.jpg.enc
SUCESSO AO CARREGAR ARQUIVO: known_50_faces_test/fellipe/foto_4.jpg.enc
SUCESSO AO CARREGAR ARQUIVO: known_50_faces_test/fellipe/foto_5.jpg.enc
SUCESSO AO CARREGAR ARQUIVO: known_50_faces_test/fellipe/foto_6.jpg.enc
SUCESSO AO CARREGAR ARQUIVO: known_50_faces_test/fellipe/foto_7.jpg.enc
SUCESSO AO CARREGAR ARQUIVO: known_50_faces_test/fellipe/foto_8.jpg.enc
SUCESSO AO CARREGAR ARQUIVO: known_50_faces_test/fellipe/foto_9.jpg.enc
